StickyListHeaders_lib/build/outputs/logs/manifest-merger-debug-report.txt
-- Merging decision tree log ---
manifest
ADDED from StickyListHeaders_lib\AndroidManifest.xml:2:1-6:12
INJECTED from StickyListHeaders_lib\AndroidManifest.xml:2:1-6:12
INJECTED from StickyListHeaders_lib\AndroidManifest.xml:2:1-6:12
	package
		ADDED from StickyListHeaders_lib\AndroidManifest.xml:3:5-61
		INJECTED from StickyListHeaders_lib\AndroidManifest.xml
		INJECTED from StickyListHeaders_lib\AndroidManifest.xml
	xmlns:android
		ADDED from StickyListHeaders_lib\AndroidManifest.xml:2:11-69